TN:
SF:/Users/joe.fusco/Projects/@verndale/bedrock/src/components/accordion/Accordion.js
FN:15,_objectSpread
FN:15,(anonymous_1)
FN:15,(anonymous_2)
FN:17,_defineProperty
FN:19,_slicedToArray
FN:21,_nonIterableRest
FN:23,_iterableToArrayLimit
FN:25,_arrayWithHoles
FN:36,getInitialState
FN:53,Accordion
FN:57,(anonymous_10)
FN:69,onTabClick
FN:95,_onKeyDown
FN:118,(anonymous_13)
FN:134,onKeyDown
FN:137,onClick
FN:142,ref
FNF:17
FNH:6
FNDA:0,_objectSpread
FNDA:0,(anonymous_1)
FNDA:0,(anonymous_2)
FNDA:0,_defineProperty
FNDA:1,_slicedToArray
FNDA:0,_nonIterableRest
FNDA:0,_iterableToArrayLimit
FNDA:1,_arrayWithHoles
FNDA:1,getInitialState
FNDA:1,Accordion
FNDA:1,(anonymous_10)
FNDA:0,onTabClick
FNDA:0,_onKeyDown
FNDA:2,(anonymous_13)
FNDA:0,onKeyDown
FNDA:0,onClick
FNDA:0,ref
DA:15,0
DA:17,0
DA:19,1
DA:21,0
DA:23,0
DA:25,1
DA:37,1
DA:38,1
DA:39,1
DA:41,1
DA:42,1
DA:44,1
DA:45,0
DA:46,0
DA:50,1
DA:54,1
DA:55,1
DA:57,1
DA:58,1
DA:60,1
DA:61,1
DA:62,1
DA:64,1
DA:65,1
DA:66,1
DA:67,1
DA:70,0
DA:71,0
DA:72,0
DA:74,0
DA:77,0
DA:79,0
DA:82,0
DA:86,0
DA:87,0
DA:89,0
DA:90,0
DA:96,0
DA:98,0
DA:101,0
DA:102,0
DA:103,0
DA:104,0
DA:105,0
DA:106,0
DA:107,0
DA:111,0
DA:112,0
DA:113,0
DA:114,0
DA:118,1
DA:119,2
DA:120,2
DA:121,2
DA:122,2
DA:123,2
DA:129,2
DA:135,0
DA:138,0
DA:143,0
DA:157,1
DA:161,1
DA:167,1
LF:63
LH:30
BRDA:15,0,0,0
BRDA:15,0,1,0
BRDA:15,1,0,0
BRDA:15,1,1,0
BRDA:17,2,0,0
BRDA:17,2,1,0
BRDA:19,3,0,1
BRDA:19,3,1,0
BRDA:19,3,2,0
BRDA:23,4,0,0
BRDA:23,4,1,0
BRDA:23,5,0,0
BRDA:23,5,1,0
BRDA:23,6,0,0
BRDA:23,6,1,0
BRDA:23,7,0,0
BRDA:23,7,1,0
BRDA:23,8,0,0
BRDA:23,8,1,0
BRDA:25,9,0,1
BRDA:25,9,1,0
BRDA:41,10,0,1
BRDA:41,10,1,0
BRDA:42,11,0,1
BRDA:42,11,1,0
BRDA:44,12,0,0
BRDA:44,12,1,1
BRDA:44,13,0,1
BRDA:44,13,1,0
BRDA:65,14,0,1
BRDA:65,14,1,1
BRDA:66,15,0,1
BRDA:66,15,1,1
BRDA:67,16,0,0
BRDA:67,16,1,1
BRDA:74,17,0,0
BRDA:74,17,1,0
BRDA:79,18,0,0
BRDA:79,18,1,0
BRDA:86,19,0,0
BRDA:86,19,1,0
BRDA:87,20,0,0
BRDA:87,20,1,0
BRDA:89,21,0,0
BRDA:89,21,1,0
BRDA:90,22,0,0
BRDA:90,22,1,0
BRDA:98,23,0,0
BRDA:98,23,1,0
BRDA:98,23,2,0
BRDA:98,23,3,0
BRDA:102,24,0,0
BRDA:102,24,1,0
BRDA:102,25,0,0
BRDA:102,25,1,0
BRDA:111,26,0,0
BRDA:111,26,1,0
BRDA:122,27,0,2
BRDA:122,27,1,2
BRDA:143,28,0,0
BRDA:143,28,1,0
BRF:61
BRH:13
end_of_record
TN:
SF:/Users/joe.fusco/Projects/@verndale/bedrock/src/components/accordion/Icons.js
FN:3,(anonymous_0)
FNF:1
FNH:0
FNDA:0,(anonymous_0)
DA:3,1
DA:4,0
DA:5,0
LF:3
LH:1
BRF:0
BRH:0
end_of_record
TN:
SF:/Users/joe.fusco/Projects/@verndale/bedrock/src/components/accordion/Panel.js
FN:3,(anonymous_0)
FNF:1
FNH:0
FNDA:0,(anonymous_0)
DA:3,1
DA:4,0
DA:5,0
DA:6,0
DA:7,0
DA:8,0
LF:6
LH:1
BRF:0
BRH:0
end_of_record
TN:
SF:/Users/joe.fusco/Projects/@verndale/bedrock/src/components/accordion/Tab.js
FN:3,(anonymous_0)
FNF:1
FNH:0
FNDA:0,(anonymous_0)
DA:3,1
DA:4,0
DA:5,0
DA:6,0
LF:4
LH:1
BRF:0
BRH:0
end_of_record
TN:
SF:/Users/joe.fusco/Projects/@verndale/bedrock/src/components/accordion/accordion.config.js
FNF:0
FNH:0
DA:1,1
DA:3,1
LF:2
LH:2
BRF:0
BRH:0
end_of_record
TN:
SF:/Users/joe.fusco/Projects/@verndale/bedrock/src/components/accordion/styles/main.js
FN:4,_templateObject6
FN:7,_templateObject6
FN:14,_templateObject5
FN:17,_templateObject5
FN:24,_templateObject4
FN:27,_templateObject4
FN:34,_templateObject3
FN:37,_templateObject3
FN:44,_templateObject2
FN:47,_templateObject2
FN:54,_templateObject
FN:57,_templateObject
FN:64,_taggedTemplateLiteral
FNF:13
FNH:7
FNDA:1,_templateObject6
FNDA:0,_templateObject6
FNDA:1,_templateObject5
FNDA:0,_templateObject5
FNDA:1,_templateObject4
FNDA:0,_templateObject4
FNDA:1,_templateObject3
FNDA:0,_templateObject3
FNDA:1,_templateObject2
FNDA:0,_templateObject2
FNDA:1,_templateObject
FNDA:0,_templateObject
FNDA:6,_taggedTemplateLiteral
DA:5,1
DA:7,1
DA:8,0
DA:11,1
DA:15,1
DA:17,1
DA:18,0
DA:21,1
DA:25,1
DA:27,1
DA:28,0
DA:31,1
DA:35,1
DA:37,1
DA:38,0
DA:41,1
DA:45,1
DA:47,1
DA:48,0
DA:51,1
DA:55,1
DA:57,1
DA:58,0
DA:61,1
DA:64,6
DA:69,1
DA:75,1
DA:79,1
DA:83,1
DA:87,1
DA:91,1
DA:92,1
DA:96,1
DA:100,1
LF:34
LH:28
BRDA:64,0,0,6
BRDA:64,0,1,0
BRF:2
BRH:1
end_of_record
TN:
SF:/Users/joe.fusco/Projects/@verndale/bedrock/src/components/accordion/styles/theme.js
FNF:0
FNH:0
DA:2,1
LF:1
LH:1
BRF:0
BRH:0
end_of_record
